<?xml version="1.0" encoding="UTF-8"?>
<!-- Generated by org.testng.reporters.JUnitReportReporter -->
<testsuite skipped="0" hostname="DESKTOP-04MOS7J" name="com.qa.tests.DemoTest" tests="4" failures="0" timestamp="2020-02-13T13:02:54 IST" time="0.020" errors="0">
  <testcase name="sum" time="0.001" classname="com.qa.tests.DemoTest"/>
  <system-out/>
  <testcase name="div" time="0.015" classname="com.qa.tests.DemoTest"/>
  <system-out/>
  <testcase name="mul" time="0.001" classname="com.qa.tests.DemoTest"/>
  <system-out/>
  <testcase name="sub" time="0.003" classname="com.qa.tests.DemoTest"/>
  <system-out/>
</testsuite> <!-- com.qa.tests.DemoTest -->
