<?xml version="1.0" encoding="UTF-8"?>
<!-- Generated by org.testng.reporters.JUnitReportReporter -->
<testsuite skipped="0" hostname="DESKTOP-04MOS7J" name="com.qa.tests.GoogleTest" tests="1" failures="0" timestamp="2020-02-13T23:33:05 IST" time="31.060" errors="0">
  <testcase name="searchTest" time="31.060" classname="com.qa.tests.GoogleTest"/>
  <system-out/>
</testsuite> <!-- com.qa.tests.GoogleTest -->
