<?xml version="1.0" encoding="UTF-8"?>
<!-- Generated by org.testng.reporters.JUnitReportReporter -->
<testsuite skipped="0" hostname="DESKTOP-04MOS7J" name="com.crm.qa.tests.HomePageTest" tests="3" failures="0" timestamp="2020-02-13T13:04:42 IST" time="88.433" errors="0">
  <testcase name="verifyHomePageTitleTest" time="33.751" classname="com.crm.qa.tests.HomePageTest"/>
  <system-out/>
  <testcase name="verifyUserNameTest" time="25.811" classname="com.crm.qa.tests.HomePageTest"/>
  <system-out/>
  <testcase name="verifyContactsLinkTest" time="28.871" classname="com.crm.qa.tests.HomePageTest"/>
  <system-out/>
</testsuite> <!-- com.crm.qa.tests.HomePageTest -->
