<?xml version="1.0" encoding="UTF-8"?>
<!-- Generated by org.testng.reporters.JUnitReportReporter -->
<testsuite skipped="0" hostname="DESKTOP-04MOS7J" name="com.crm.qa.tests.LoginPageTest" tests="2" failures="0" timestamp="2020-02-12T21:58:42 IST" time="53.438" errors="0">
  <testcase name="loginPageTitleTest" time="15.873" classname="com.crm.qa.tests.LoginPageTest"/>
  <system-out/>
  <testcase name="loginTest" time="37.565" classname="com.crm.qa.tests.LoginPageTest"/>
  <system-out/>
</testsuite> <!-- com.crm.qa.tests.LoginPageTest -->
