<?xml version="1.0" encoding="UTF-8"?>
<!-- Generated by org.testng.reporters.JUnitReportReporter -->
<testsuite skipped="0" hostname="DESKTOP-04MOS7J" name="com.crm.qa.tests.ContactsPageTest" tests="6" failures="0" timestamp="2020-02-12T21:58:43 IST" time="203.141" errors="0">
  <testcase name="verifyContactsLabelTest" time="22.011" classname="com.crm.qa.tests.ContactsPageTest"/>
  <system-out/>
  <testcase name="selectSingleContactByNameTest" time="31.584" classname="com.crm.qa.tests.ContactsPageTest"/>
  <system-out/>
  <testcase name="selectMultipleContactByNameTest" time="30.105" classname="com.crm.qa.tests.ContactsPageTest"/>
  <system-out/>
  <testcase name="createNewContactTest" time="38.606" classname="com.crm.qa.tests.ContactsPageTest"/>
  <system-out/>
  <testcase name="createNewContactTest" time="43.836" classname="com.crm.qa.tests.ContactsPageTest"/>
  <system-out/>
  <testcase name="createNewContactTest" time="36.999" classname="com.crm.qa.tests.ContactsPageTest"/>
  <system-out/>
</testsuite> <!-- com.crm.qa.tests.ContactsPageTest -->
